Info    2026-01-22 15:12:47  DevID:MV-CA020-10UC(G42213714)  Source-Line:libMvCameraControl.so(CInterfaceManager.cpp-L0809)     Description:Current dynamic library path[/home/rm/shaobing/install/hik_camera/lib/libMvCameraControl.so]     Solution:
Info    2026-01-22 15:12:47  DevID:MV-CA020-10UC(G42213714)  Source-Line:libMvCameraControl.so(CInterfaceManager.cpp-L0812)     Description:CamCtl_Version: 3.2.1.0     Solution:
Info    2026-01-22 15:12:47  DevID:MV-CA020-10UC(G42213714)  Source-Line:libMvCameraControl.so(CInterfaceManager.cpp-L0813)     Description:CamCtl_Description: BaseLine Build 20211203     Solution:
Info    2026-01-22 15:12:47  DevID:MV-CA020-10UC(G42213714)  Source-Line:libMvCameraControl.so(CInterfaceManager.cpp-L0815)     Description:[MV_CC_CreateHandle] return[0x0]     Solution:
Info    2026-01-22 15:12:47  DevID:MV-CA020-10UC(G42213714)  Source-Line:libMvCameraControl.so(CInterfaceManager.cpp-L6710)     Description:CamCtrl[0x3020100], U3V SDKVersion[0x3020100], DriverVersion[0x0]     Solution:
Info    2026-01-22 15:12:48  DevID:MV-CA020-10UC(G42213714)  Source-Line:libMvCameraControl.so(CInterfaceManager.cpp-L4236)     Description:[MV_CC_InvalidateNodes] return[0x0]     Solution:
Info    2026-01-22 15:12:48  DevID:MV-CA020-10UC(G42213714)  Source-Line:libMvCameraControl.so(CInterfaceManager.cpp-L1086)     Description:[MV_CC_OpenDevice] nPrivilegeMode[1], nSwitchoverKey[0], return[0x0]     Solution:
Info    2026-01-22 15:12:48  DevID:MV-CA020-10UC(G42213714)  Source-Line:libMvCameraControl.so(CInterfaceManager.cpp-L3684)     Description:[MV_CC_GetImageInfo] return[0x0]     Solution:
Info    2026-01-22 15:12:48  DevID:MV-CA020-10UC(G42213714)  Source-Line:libMvCameraControl.so(CInterfaceManager.cpp-L1703)     Description:U3V, DeviceModelName[MV-CA020-10UC], DeviceFirmwareVersion[V2.0.4 200721,20011300], DeviceMaxThroughput[375000]     Solution:
Info    2026-01-22 15:12:48  DevID:MV-CA020-10UC(G42213714)  Source-Line:libMvCameraControl.so(CInterfaceManager.cpp-L1708)     Description:U3V, Width[720], Height[640], OffsetX[448], OffsetY[296], PixelFormat[0x2180014], AcquisitionMode[2]     Solution:
Info    2026-01-22 15:12:48  DevID:MV-CA020-10UC(G42213714)  Source-Line:libMvCameraControl.so(CInterfaceManager.cpp-L1713)     Description:U3V, TriggerMode[0], ResultingFrameRate[90.00], ExposureTime[4350.00], ExposureAuto[0], PayloadSize[1382400]     Solution:
Info    2026-01-22 15:12:48  DevID:MV-CA020-10UC(G42213714)  Source-Line:libMvCameraControl.so(CInterfaceManager.cpp-L6315)     Description:CamCtrl RecvThread Start, ThreadId[-1504352512]     Solution:
Info    2026-01-22 15:12:48  DevID:MV-CA020-10UC(G42213714)  Source-Line:libMvCameraControl.so(CInterfaceManager.cpp-L6083)     Description:CamCtrl Display Thread Start, ThreadId[-1512745216]     Solution:
Info    2026-01-22 15:12:48  DevID:MV-CA020-10UC(G42213714)  Source-Line:libMvCameraControl.so(CInterfaceManager.cpp-L1795)     Description:There is no registration callback     Solution:
Info    2026-01-22 15:12:48  DevID:MV-CA020-10UC(G42213714)  Source-Line:libMvCameraControl.so(CInterfaceManager.cpp-L1800)     Description:[MV_CC_StartGrabbing] return[0x0]     Solution:
Error   2026-01-22 15:12:48  DevID:MV-CA020-10UC(G42213714)  Source-Line:libMvCameraControl.so(CInterfaceManager.cpp-L7947)     Description:[MV_CC_ConvertPixelType] return[0x80000002]     Solution:
Info    2026-01-22 15:13:11  DevID:MV-CA020-10UC(G42213714)  Source-Line:libMvCameraControl.so(CInterfaceManager.cpp-L0809)     Description:Current dynamic library path[/home/rm/shaobing/install/hik_camera/lib/libMvCameraControl.so]     Solution:
Info    2026-01-22 15:13:11  DevID:MV-CA020-10UC(G42213714)  Source-Line:libMvCameraControl.so(CInterfaceManager.cpp-L0812)     Description:CamCtl_Version: 3.2.1.0     Solution:
Info    2026-01-22 15:13:11  DevID:MV-CA020-10UC(G42213714)  Source-Line:libMvCameraControl.so(CInterfaceManager.cpp-L0813)     Description:CamCtl_Description: BaseLine Build 20211203     Solution:
Info    2026-01-22 15:13:11  DevID:MV-CA020-10UC(G42213714)  Source-Line:libMvCameraControl.so(CInterfaceManager.cpp-L0815)     Description:[MV_CC_CreateHandle] return[0x0]     Solution:
Info    2026-01-22 15:13:11  DevID:MV-CA020-10UC(G42213714)  Source-Line:libMvCameraControl.so(CInterfaceManager.cpp-L6710)     Description:CamCtrl[0x3020100], U3V SDKVersion[0x3020100], DriverVersion[0x0]     Solution:
Info    2026-01-22 15:13:13  DevID:MV-CA020-10UC(G42213714)  Source-Line:libMvCameraControl.so(CInterfaceManager.cpp-L4236)     Description:[MV_CC_InvalidateNodes] return[0x0]     Solution:
Info    2026-01-22 15:13:13  DevID:MV-CA020-10UC(G42213714)  Source-Line:libMvCameraControl.so(CInterfaceManager.cpp-L1086)     Description:[MV_CC_OpenDevice] nPrivilegeMode[1], nSwitchoverKey[0], return[0x0]     Solution:
Info    2026-01-22 15:13:13  DevID:MV-CA020-10UC(G42213714)  Source-Line:libMvCameraControl.so(CInterfaceManager.cpp-L3684)     Description:[MV_CC_GetImageInfo] return[0x0]     Solution:
Info    2026-01-22 15:13:13  DevID:MV-CA020-10UC(G42213714)  Source-Line:libMvCameraControl.so(CInterfaceManager.cpp-L1703)     Description:U3V, DeviceModelName[MV-CA020-10UC], DeviceFirmwareVersion[V2.0.4 200721,20011300], DeviceMaxThroughput[375000]     Solution:
Info    2026-01-22 15:13:13  DevID:MV-CA020-10UC(G42213714)  Source-Line:libMvCameraControl.so(CInterfaceManager.cpp-L1708)     Description:U3V, Width[720], Height[640], OffsetX[448], OffsetY[296], PixelFormat[0x2180014], AcquisitionMode[2]     Solution:
Info    2026-01-22 15:13:13  DevID:MV-CA020-10UC(G42213714)  Source-Line:libMvCameraControl.so(CInterfaceManager.cpp-L1713)     Description:U3V, TriggerMode[0], ResultingFrameRate[90.00], ExposureTime[4350.00], ExposureAuto[0], PayloadSize[1382400]     Solution:
Info    2026-01-22 15:13:13  DevID:MV-CA020-10UC(G42213714)  Source-Line:libMvCameraControl.so(CInterfaceManager.cpp-L6315)     Description:CamCtrl RecvThread Start, ThreadId[1073739520]     Solution:
Info    2026-01-22 15:13:13  DevID:MV-CA020-10UC(G42213714)  Source-Line:libMvCameraControl.so(CInterfaceManager.cpp-L6083)     Description:CamCtrl Display Thread Start, ThreadId[1065346816]     Solution:
Info    2026-01-22 15:13:13  DevID:MV-CA020-10UC(G42213714)  Source-Line:libMvCameraControl.so(CInterfaceManager.cpp-L1795)     Description:There is no registration callback     Solution:
Info    2026-01-22 15:13:13  DevID:MV-CA020-10UC(G42213714)  Source-Line:libMvCameraControl.so(CInterfaceManager.cpp-L1800)     Description:[MV_CC_StartGrabbing] return[0x0]     Solution:
Error   2026-01-22 15:13:13  DevID:MV-CA020-10UC(G42213714)  Source-Line:libMvCameraControl.so(CInterfaceManager.cpp-L7947)     Description:[MV_CC_ConvertPixelType] return[0x80000002]     Solution:
Info    2026-01-22 15:14:33  DevID:MV-CA020-10UC(G42213714)  Source-Line:libMvCameraControl.so(CInterfaceManager.cpp-L0809)     Description:Current dynamic library path[/home/rm/shaobing/install/hik_camera/lib/libMvCameraControl.so]     Solution:
Info    2026-01-22 15:14:33  DevID:MV-CA020-10UC(G42213714)  Source-Line:libMvCameraControl.so(CInterfaceManager.cpp-L0812)     Description:CamCtl_Version: 3.2.1.0     Solution:
Info    2026-01-22 15:14:33  DevID:MV-CA020-10UC(G42213714)  Source-Line:libMvCameraControl.so(CInterfaceManager.cpp-L0813)     Description:CamCtl_Description: BaseLine Build 20211203     Solution:
Info    2026-01-22 15:14:33  DevID:MV-CA020-10UC(G42213714)  Source-Line:libMvCameraControl.so(CInterfaceManager.cpp-L0815)     Description:[MV_CC_CreateHandle] return[0x0]     Solution:
Info    2026-01-22 15:14:33  DevID:MV-CA020-10UC(G42213714)  Source-Line:libMvCameraControl.so(CInterfaceManager.cpp-L6710)     Description:CamCtrl[0x3020100], U3V SDKVersion[0x3020100], DriverVersion[0x0]     Solution:
Info    2026-01-22 15:14:35  DevID:MV-CA020-10UC(G42213714)  Source-Line:libMvCameraControl.so(CInterfaceManager.cpp-L4236)     Description:[MV_CC_InvalidateNodes] return[0x0]     Solution:
Info    2026-01-22 15:14:35  DevID:MV-CA020-10UC(G42213714)  Source-Line:libMvCameraControl.so(CInterfaceManager.cpp-L1086)     Description:[MV_CC_OpenDevice] nPrivilegeMode[1], nSwitchoverKey[0], return[0x0]     Solution:
Info    2026-01-22 15:14:35  DevID:MV-CA020-10UC(G42213714)  Source-Line:libMvCameraControl.so(CInterfaceManager.cpp-L3684)     Description:[MV_CC_GetImageInfo] return[0x0]     Solution:
Info    2026-01-22 15:14:35  DevID:MV-CA020-10UC(G42213714)  Source-Line:libMvCameraControl.so(CInterfaceManager.cpp-L1703)     Description:U3V, DeviceModelName[MV-CA020-10UC], DeviceFirmwareVersion[V2.0.4 200721,20011300], DeviceMaxThroughput[375000]     Solution:
Info    2026-01-22 15:14:35  DevID:MV-CA020-10UC(G42213714)  Source-Line:libMvCameraControl.so(CInterfaceManager.cpp-L1708)     Description:U3V, Width[720], Height[640], OffsetX[448], OffsetY[296], PixelFormat[0x2180014], AcquisitionMode[2]     Solution:
Info    2026-01-22 15:14:35  DevID:MV-CA020-10UC(G42213714)  Source-Line:libMvCameraControl.so(CInterfaceManager.cpp-L1713)     Description:U3V, TriggerMode[0], ResultingFrameRate[90.00], ExposureTime[4350.00], ExposureAuto[0], PayloadSize[1382400]     Solution:
Info    2026-01-22 15:14:35  DevID:MV-CA020-10UC(G42213714)  Source-Line:libMvCameraControl.so(CInterfaceManager.cpp-L6315)     Description:CamCtrl RecvThread Start, ThreadId[422217472]     Solution:
Info    2026-01-22 15:14:35  DevID:MV-CA020-10UC(G42213714)  Source-Line:libMvCameraControl.so(CInterfaceManager.cpp-L1795)     Description:There is no registration callback     Solution:
Info    2026-01-22 15:14:35  DevID:MV-CA020-10UC(G42213714)  Source-Line:libMvCameraControl.so(CInterfaceManager.cpp-L6083)     Description:CamCtrl Display Thread Start, ThreadId[413824768]     Solution:
Info    2026-01-22 15:14:35  DevID:MV-CA020-10UC(G42213714)  Source-Line:libMvCameraControl.so(CInterfaceManager.cpp-L1800)     Description:[MV_CC_StartGrabbing] return[0x0]     Solution:
Error   2026-01-22 15:14:35  DevID:MV-CA020-10UC(G42213714)  Source-Line:libMvCameraControl.so(CInterfaceManager.cpp-L7947)     Description:[MV_CC_ConvertPixelType] return[0x80000002]     Solution:
Info    2026-01-22 15:15:40  DevID:MV-CA020-10UC(G42213714)  Source-Line:libMvCameraControl.so(CInterfaceManager.cpp-L0809)     Description:Current dynamic library path[/home/rm/shaobing/install/hik_camera/lib/libMvCameraControl.so]     Solution:
Info    2026-01-22 15:15:40  DevID:MV-CA020-10UC(G42213714)  Source-Line:libMvCameraControl.so(CInterfaceManager.cpp-L0812)     Description:CamCtl_Version: 3.2.1.0     Solution:
Info    2026-01-22 15:15:40  DevID:MV-CA020-10UC(G42213714)  Source-Line:libMvCameraControl.so(CInterfaceManager.cpp-L0813)     Description:CamCtl_Description: BaseLine Build 20211203     Solution:
Info    2026-01-22 15:15:40  DevID:MV-CA020-10UC(G42213714)  Source-Line:libMvCameraControl.so(CInterfaceManager.cpp-L0815)     Description:[MV_CC_CreateHandle] return[0x0]     Solution:
Info    2026-01-22 15:15:40  DevID:MV-CA020-10UC(G42213714)  Source-Line:libMvCameraControl.so(CInterfaceManager.cpp-L6710)     Description:CamCtrl[0x3020100], U3V SDKVersion[0x3020100], DriverVersion[0x0]     Solution:
Info    2026-01-22 15:15:41  DevID:MV-CA020-10UC(G42213714)  Source-Line:libMvCameraControl.so(CInterfaceManager.cpp-L4236)     Description:[MV_CC_InvalidateNodes] return[0x0]     Solution:
Info    2026-01-22 15:15:41  DevID:MV-CA020-10UC(G42213714)  Source-Line:libMvCameraControl.so(CInterfaceManager.cpp-L1086)     Description:[MV_CC_OpenDevice] nPrivilegeMode[1], nSwitchoverKey[0], return[0x0]     Solution:
Info    2026-01-22 15:15:41  DevID:MV-CA020-10UC(G42213714)  Source-Line:libMvCameraControl.so(CInterfaceManager.cpp-L3684)     Description:[MV_CC_GetImageInfo] return[0x0]     Solution:
Info    2026-01-22 15:15:41  DevID:MV-CA020-10UC(G42213714)  Source-Line:libMvCameraControl.so(CInterfaceManager.cpp-L1703)     Description:U3V, DeviceModelName[MV-CA020-10UC], DeviceFirmwareVersion[V2.0.4 200721,20011300], DeviceMaxThroughput[375000]     Solution:
Info    2026-01-22 15:15:41  DevID:MV-CA020-10UC(G42213714)  Source-Line:libMvCameraControl.so(CInterfaceManager.cpp-L1708)     Description:U3V, Width[720], Height[640], OffsetX[448], OffsetY[296], PixelFormat[0x2180014], AcquisitionMode[2]     Solution:
Info    2026-01-22 15:15:41  DevID:MV-CA020-10UC(G42213714)  Source-Line:libMvCameraControl.so(CInterfaceManager.cpp-L1713)     Description:U3V, TriggerMode[0], ResultingFrameRate[90.00], ExposureTime[4350.00], ExposureAuto[0], PayloadSize[1382400]     Solution:
Info    2026-01-22 15:15:41  DevID:MV-CA020-10UC(G42213714)  Source-Line:libMvCameraControl.so(CInterfaceManager.cpp-L6083)     Description:CamCtrl Display Thread Start, ThreadId[370530048]     Solution:
Info    2026-01-22 15:15:41  DevID:MV-CA020-10UC(G42213714)  Source-Line:libMvCameraControl.so(CInterfaceManager.cpp-L6315)     Description:CamCtrl RecvThread Start, ThreadId[378922752]     Solution:
Info    2026-01-22 15:15:41  DevID:MV-CA020-10UC(G42213714)  Source-Line:libMvCameraControl.so(CInterfaceManager.cpp-L1795)     Description:There is no registration callback     Solution:
Info    2026-01-22 15:15:41  DevID:MV-CA020-10UC(G42213714)  Source-Line:libMvCameraControl.so(CInterfaceManager.cpp-L1800)     Description:[MV_CC_StartGrabbing] return[0x0]     Solution:
Error   2026-01-22 15:15:41  DevID:MV-CA020-10UC(G42213714)  Source-Line:libMvCameraControl.so(CInterfaceManager.cpp-L7947)     Description:[MV_CC_ConvertPixelType] return[0x80000002]     Solution:
Info    2026-01-22 15:28:18  DevID:MV-CA020-10UC(G42213714)  Source-Line:libMvCameraControl.so(CInterfaceManager.cpp-L0809)     Description:Current dynamic library path[/home/rm/shaobing/install/hik_camera/lib/libMvCameraControl.so]     Solution:
Info    2026-01-22 15:28:18  DevID:MV-CA020-10UC(G42213714)  Source-Line:libMvCameraControl.so(CInterfaceManager.cpp-L0812)     Description:CamCtl_Version: 3.2.1.0     Solution:
Info    2026-01-22 15:28:18  DevID:MV-CA020-10UC(G42213714)  Source-Line:libMvCameraControl.so(CInterfaceManager.cpp-L0813)     Description:CamCtl_Description: BaseLine Build 20211203     Solution:
Info    2026-01-22 15:28:18  DevID:MV-CA020-10UC(G42213714)  Source-Line:libMvCameraControl.so(CInterfaceManager.cpp-L0815)     Description:[MV_CC_CreateHandle] return[0x0]     Solution:
Info    2026-01-22 15:28:18  DevID:MV-CA020-10UC(G42213714)  Source-Line:libMvCameraControl.so(CInterfaceManager.cpp-L6710)     Description:CamCtrl[0x3020100], U3V SDKVersion[0x3020100], DriverVersion[0x0]     Solution:
Info    2026-01-22 15:28:19  DevID:MV-CA020-10UC(G42213714)  Source-Line:libMvCameraControl.so(CInterfaceManager.cpp-L4236)     Description:[MV_CC_InvalidateNodes] return[0x0]     Solution:
Info    2026-01-22 15:28:19  DevID:MV-CA020-10UC(G42213714)  Source-Line:libMvCameraControl.so(CInterfaceManager.cpp-L1086)     Description:[MV_CC_OpenDevice] nPrivilegeMode[1], nSwitchoverKey[0], return[0x0]     Solution:
Info    2026-01-22 15:28:19  DevID:MV-CA020-10UC(G42213714)  Source-Line:libMvCameraControl.so(CInterfaceManager.cpp-L3684)     Description:[MV_CC_GetImageInfo] return[0x0]     Solution:
Info    2026-01-22 15:28:19  DevID:MV-CA020-10UC(G42213714)  Source-Line:libMvCameraControl.so(CInterfaceManager.cpp-L1703)     Description:U3V, DeviceModelName[MV-CA020-10UC], DeviceFirmwareVersion[V2.0.4 200721,20011300], DeviceMaxThroughput[375000]     Solution:
Info    2026-01-22 15:28:19  DevID:MV-CA020-10UC(G42213714)  Source-Line:libMvCameraControl.so(CInterfaceManager.cpp-L1708)     Description:U3V, Width[720], Height[640], OffsetX[448], OffsetY[296], PixelFormat[0x2180014], AcquisitionMode[2]     Solution:
Info    2026-01-22 15:28:19  DevID:MV-CA020-10UC(G42213714)  Source-Line:libMvCameraControl.so(CInterfaceManager.cpp-L1713)     Description:U3V, TriggerMode[0], ResultingFrameRate[90.00], ExposureTime[4350.00], ExposureAuto[0], PayloadSize[1382400]     Solution:
Info    2026-01-22 15:28:19  DevID:MV-CA020-10UC(G42213714)  Source-Line:libMvCameraControl.so(CInterfaceManager.cpp-L6315)     Description:CamCtrl RecvThread Start, ThreadId[1575712512]     Solution:
Info    2026-01-22 15:28:19  DevID:MV-CA020-10UC(G42213714)  Source-Line:libMvCameraControl.so(CInterfaceManager.cpp-L6083)     Description:CamCtrl Display Thread Start, ThreadId[1567319808]     Solution:
Info    2026-01-22 15:28:19  DevID:MV-CA020-10UC(G42213714)  Source-Line:libMvCameraControl.so(CInterfaceManager.cpp-L1795)     Description:There is no registration callback     Solution:
Info    2026-01-22 15:28:19  DevID:MV-CA020-10UC(G42213714)  Source-Line:libMvCameraControl.so(CInterfaceManager.cpp-L1800)     Description:[MV_CC_StartGrabbing] return[0x0]     Solution:
Error   2026-01-22 15:28:19  DevID:MV-CA020-10UC(G42213714)  Source-Line:libMvCameraControl.so(CInterfaceManager.cpp-L7947)     Description:[MV_CC_ConvertPixelType] return[0x80000002]     Solution:
Info    2026-01-22 15:28:52  DevID:MV-CA020-10UC(G42213714)  Source-Line:libMvCameraControl.so(CInterfaceManager.cpp-L0809)     Description:Current dynamic library path[/home/rm/shaobing/install/hik_camera/lib/libMvCameraControl.so]     Solution:
Info    2026-01-22 15:28:52  DevID:MV-CA020-10UC(G42213714)  Source-Line:libMvCameraControl.so(CInterfaceManager.cpp-L0812)     Description:CamCtl_Version: 3.2.1.0     Solution:
Info    2026-01-22 15:28:52  DevID:MV-CA020-10UC(G42213714)  Source-Line:libMvCameraControl.so(CInterfaceManager.cpp-L0813)     Description:CamCtl_Description: BaseLine Build 20211203     Solution:
Info    2026-01-22 15:28:52  DevID:MV-CA020-10UC(G42213714)  Source-Line:libMvCameraControl.so(CInterfaceManager.cpp-L0815)     Description:[MV_CC_CreateHandle] return[0x0]     Solution:
Info    2026-01-22 15:28:52  DevID:MV-CA020-10UC(G42213714)  Source-Line:libMvCameraControl.so(CInterfaceManager.cpp-L6710)     Description:CamCtrl[0x3020100], U3V SDKVersion[0x3020100], DriverVersion[0x0]     Solution:
Info    2026-01-22 15:28:54  DevID:MV-CA020-10UC(G42213714)  Source-Line:libMvCameraControl.so(CInterfaceManager.cpp-L4236)     Description:[MV_CC_InvalidateNodes] return[0x0]     Solution:
Info    2026-01-22 15:28:54  DevID:MV-CA020-10UC(G42213714)  Source-Line:libMvCameraControl.so(CInterfaceManager.cpp-L1086)     Description:[MV_CC_OpenDevice] nPrivilegeMode[1], nSwitchoverKey[0], return[0x0]     Solution:
Info    2026-01-22 15:28:54  DevID:MV-CA020-10UC(G42213714)  Source-Line:libMvCameraControl.so(CInterfaceManager.cpp-L3684)     Description:[MV_CC_GetImageInfo] return[0x0]     Solution:
Info    2026-01-22 15:28:54  DevID:MV-CA020-10UC(G42213714)  Source-Line:libMvCameraControl.so(CInterfaceManager.cpp-L1703)     Description:U3V, DeviceModelName[MV-CA020-10UC], DeviceFirmwareVersion[V2.0.4 200721,20011300], DeviceMaxThroughput[375000]     Solution:
Info    2026-01-22 15:28:54  DevID:MV-CA020-10UC(G42213714)  Source-Line:libMvCameraControl.so(CInterfaceManager.cpp-L1708)     Description:U3V, Width[720], Height[640], OffsetX[448], OffsetY[296], PixelFormat[0x2180014], AcquisitionMode[2]     Solution:
Info    2026-01-22 15:28:54  DevID:MV-CA020-10UC(G42213714)  Source-Line:libMvCameraControl.so(CInterfaceManager.cpp-L1713)     Description:U3V, TriggerMode[0], ResultingFrameRate[90.00], ExposureTime[4350.00], ExposureAuto[0], PayloadSize[1382400]     Solution:
Info    2026-01-22 15:28:54  DevID:MV-CA020-10UC(G42213714)  Source-Line:libMvCameraControl.so(CInterfaceManager.cpp-L6315)     Description:CamCtrl RecvThread Start, ThreadId[-642111744]     Solution:
Info    2026-01-22 15:28:54  DevID:MV-CA020-10UC(G42213714)  Source-Line:libMvCameraControl.so(CInterfaceManager.cpp-L6083)     Description:CamCtrl Display Thread Start, ThreadId[-650504448]     Solution:
Info    2026-01-22 15:28:54  DevID:MV-CA020-10UC(G42213714)  Source-Line:libMvCameraControl.so(CInterfaceManager.cpp-L1795)     Description:There is no registration callback     Solution:
Info    2026-01-22 15:28:54  DevID:MV-CA020-10UC(G42213714)  Source-Line:libMvCameraControl.so(CInterfaceManager.cpp-L1800)     Description:[MV_CC_StartGrabbing] return[0x0]     Solution:
Error   2026-01-22 15:28:54  DevID:MV-CA020-10UC(G42213714)  Source-Line:libMvCameraControl.so(CInterfaceManager.cpp-L7947)     Description:[MV_CC_ConvertPixelType] return[0x80000002]     Solution:
Info    2026-01-22 15:29:20  DevID:MV-CA020-10UC(G42213714)  Source-Line:libMvCameraControl.so(CInterfaceManager.cpp-L0809)     Description:Current dynamic library path[/home/rm/shaobing/install/hik_camera/lib/libMvCameraControl.so]     Solution:
Info    2026-01-22 15:29:20  DevID:MV-CA020-10UC(G42213714)  Source-Line:libMvCameraControl.so(CInterfaceManager.cpp-L0812)     Description:CamCtl_Version: 3.2.1.0     Solution:
Info    2026-01-22 15:29:20  DevID:MV-CA020-10UC(G42213714)  Source-Line:libMvCameraControl.so(CInterfaceManager.cpp-L0813)     Description:CamCtl_Description: BaseLine Build 20211203     Solution:
Info    2026-01-22 15:29:20  DevID:MV-CA020-10UC(G42213714)  Source-Line:libMvCameraControl.so(CInterfaceManager.cpp-L0815)     Description:[MV_CC_CreateHandle] return[0x0]     Solution:
Info    2026-01-22 15:29:20  DevID:MV-CA020-10UC(G42213714)  Source-Line:libMvCameraControl.so(CInterfaceManager.cpp-L6710)     Description:CamCtrl[0x3020100], U3V SDKVersion[0x3020100], DriverVersion[0x0]     Solution:
Info    2026-01-22 15:29:22  DevID:MV-CA020-10UC(G42213714)  Source-Line:libMvCameraControl.so(CInterfaceManager.cpp-L4236)     Description:[MV_CC_InvalidateNodes] return[0x0]     Solution:
Info    2026-01-22 15:29:22  DevID:MV-CA020-10UC(G42213714)  Source-Line:libMvCameraControl.so(CInterfaceManager.cpp-L1086)     Description:[MV_CC_OpenDevice] nPrivilegeMode[1], nSwitchoverKey[0], return[0x0]     Solution:
Info    2026-01-22 15:29:22  DevID:MV-CA020-10UC(G42213714)  Source-Line:libMvCameraControl.so(CInterfaceManager.cpp-L3684)     Description:[MV_CC_GetImageInfo] return[0x0]     Solution:
Info    2026-01-22 15:29:22  DevID:MV-CA020-10UC(G42213714)  Source-Line:libMvCameraControl.so(CInterfaceManager.cpp-L1703)     Description:U3V, DeviceModelName[MV-CA020-10UC], DeviceFirmwareVersion[V2.0.4 200721,20011300], DeviceMaxThroughput[375000]     Solution:
Info    2026-01-22 15:29:22  DevID:MV-CA020-10UC(G42213714)  Source-Line:libMvCameraControl.so(CInterfaceManager.cpp-L1708)     Description:U3V, Width[720], Height[640], OffsetX[448], OffsetY[296], PixelFormat[0x2180014], AcquisitionMode[2]     Solution:
Info    2026-01-22 15:29:22  DevID:MV-CA020-10UC(G42213714)  Source-Line:libMvCameraControl.so(CInterfaceManager.cpp-L1713)     Description:U3V, TriggerMode[0], ResultingFrameRate[90.00], ExposureTime[4350.00], ExposureAuto[0], PayloadSize[1382400]     Solution:
Info    2026-01-22 15:29:22  DevID:MV-CA020-10UC(G42213714)  Source-Line:libMvCameraControl.so(CInterfaceManager.cpp-L6083)     Description:CamCtrl Display Thread Start, ThreadId[-984434944]     Solution:
Info    2026-01-22 15:29:22  DevID:MV-CA020-10UC(G42213714)  Source-Line:libMvCameraControl.so(CInterfaceManager.cpp-L6315)     Description:CamCtrl RecvThread Start, ThreadId[-976042240]     Solution:
Info    2026-01-22 15:29:22  DevID:MV-CA020-10UC(G42213714)  Source-Line:libMvCameraControl.so(CInterfaceManager.cpp-L1795)     Description:There is no registration callback     Solution:
Info    2026-01-22 15:29:22  DevID:MV-CA020-10UC(G42213714)  Source-Line:libMvCameraControl.so(CInterfaceManager.cpp-L1800)     Description:[MV_CC_StartGrabbing] return[0x0]     Solution:
Error   2026-01-22 15:29:22  DevID:MV-CA020-10UC(G42213714)  Source-Line:libMvCameraControl.so(CInterfaceManager.cpp-L7947)     Description:[MV_CC_ConvertPixelType] return[0x80000002]     Solution:
Info    2026-01-22 15:29:52  DevID:MV-CA020-10UC(G42213714)  Source-Line:libMvCameraControl.so(CInterfaceManager.cpp-L0809)     Description:Current dynamic library path[/home/rm/shaobing/install/hik_camera/lib/libMvCameraControl.so]     Solution:
Info    2026-01-22 15:29:52  DevID:MV-CA020-10UC(G42213714)  Source-Line:libMvCameraControl.so(CInterfaceManager.cpp-L0812)     Description:CamCtl_Version: 3.2.1.0     Solution:
Info    2026-01-22 15:29:52  DevID:MV-CA020-10UC(G42213714)  Source-Line:libMvCameraControl.so(CInterfaceManager.cpp-L0813)     Description:CamCtl_Description: BaseLine Build 20211203     Solution:
Info    2026-01-22 15:29:52  DevID:MV-CA020-10UC(G42213714)  Source-Line:libMvCameraControl.so(CInterfaceManager.cpp-L0815)     Description:[MV_CC_CreateHandle] return[0x0]     Solution:
Info    2026-01-22 15:29:52  DevID:MV-CA020-10UC(G42213714)  Source-Line:libMvCameraControl.so(CInterfaceManager.cpp-L6710)     Description:CamCtrl[0x3020100], U3V SDKVersion[0x3020100], DriverVersion[0x0]     Solution:
Info    2026-01-22 15:29:54  DevID:MV-CA020-10UC(G42213714)  Source-Line:libMvCameraControl.so(CInterfaceManager.cpp-L4236)     Description:[MV_CC_InvalidateNodes] return[0x0]     Solution:
Info    2026-01-22 15:29:54  DevID:MV-CA020-10UC(G42213714)  Source-Line:libMvCameraControl.so(CInterfaceManager.cpp-L1086)     Description:[MV_CC_OpenDevice] nPrivilegeMode[1], nSwitchoverKey[0], return[0x0]     Solution:
Info    2026-01-22 15:29:54  DevID:MV-CA020-10UC(G42213714)  Source-Line:libMvCameraControl.so(CInterfaceManager.cpp-L3684)     Description:[MV_CC_GetImageInfo] return[0x0]     Solution:
Info    2026-01-22 15:29:54  DevID:MV-CA020-10UC(G42213714)  Source-Line:libMvCameraControl.so(CInterfaceManager.cpp-L1703)     Description:U3V, DeviceModelName[MV-CA020-10UC], DeviceFirmwareVersion[V2.0.4 200721,20011300], DeviceMaxThroughput[375000]     Solution:
Info    2026-01-22 15:29:54  DevID:MV-CA020-10UC(G42213714)  Source-Line:libMvCameraControl.so(CInterfaceManager.cpp-L1708)     Description:U3V, Width[720], Height[640], OffsetX[448], OffsetY[296], PixelFormat[0x2180014], AcquisitionMode[2]     Solution:
Info    2026-01-22 15:29:54  DevID:MV-CA020-10UC(G42213714)  Source-Line:libMvCameraControl.so(CInterfaceManager.cpp-L1713)     Description:U3V, TriggerMode[0], ResultingFrameRate[90.00], ExposureTime[4350.00], ExposureAuto[0], PayloadSize[1382400]     Solution:
Info    2026-01-22 15:29:54  DevID:MV-CA020-10UC(G42213714)  Source-Line:libMvCameraControl.so(CInterfaceManager.cpp-L6315)     Description:CamCtrl RecvThread Start, ThreadId[90531584]     Solution:
Info    2026-01-22 15:29:54  DevID:MV-CA020-10UC(G42213714)  Source-Line:libMvCameraControl.so(CInterfaceManager.cpp-L6083)     Description:CamCtrl Display Thread Start, ThreadId[82138880]     Solution:
Info    2026-01-22 15:29:54  DevID:MV-CA020-10UC(G42213714)  Source-Line:libMvCameraControl.so(CInterfaceManager.cpp-L1795)     Description:There is no registration callback     Solution:
Info    2026-01-22 15:29:54  DevID:MV-CA020-10UC(G42213714)  Source-Line:libMvCameraControl.so(CInterfaceManager.cpp-L1800)     Description:[MV_CC_StartGrabbing] return[0x0]     Solution:
Error   2026-01-22 15:29:54  DevID:MV-CA020-10UC(G42213714)  Source-Line:libMvCameraControl.so(CInterfaceManager.cpp-L7947)     Description:[MV_CC_ConvertPixelType] return[0x80000002]     Solution:
Info    2026-01-22 15:30:19  DevID:MV-CA020-10UC(G42213714)  Source-Line:libMvCameraControl.so(CInterfaceManager.cpp-L0809)     Description:Current dynamic library path[/home/rm/shaobing/install/hik_camera/lib/libMvCameraControl.so]     Solution:
Info    2026-01-22 15:30:19  DevID:MV-CA020-10UC(G42213714)  Source-Line:libMvCameraControl.so(CInterfaceManager.cpp-L0812)     Description:CamCtl_Version: 3.2.1.0     Solution:
Info    2026-01-22 15:30:19  DevID:MV-CA020-10UC(G42213714)  Source-Line:libMvCameraControl.so(CInterfaceManager.cpp-L0813)     Description:CamCtl_Description: BaseLine Build 20211203     Solution:
Info    2026-01-22 15:30:19  DevID:MV-CA020-10UC(G42213714)  Source-Line:libMvCameraControl.so(CInterfaceManager.cpp-L0815)     Description:[MV_CC_CreateHandle] return[0x0]     Solution:
Info    2026-01-22 15:30:19  DevID:MV-CA020-10UC(G42213714)  Source-Line:libMvCameraControl.so(CInterfaceManager.cpp-L6710)     Description:CamCtrl[0x3020100], U3V SDKVersion[0x3020100], DriverVersion[0x0]     Solution:
Info    2026-01-22 15:31:54  DevID:MV-CA020-10UC(G42213714)  Source-Line:libMvCameraControl.so(CInterfaceManager.cpp-L0809)     Description:Current dynamic library path[/home/rm/shaobing/install/hik_camera/lib/libMvCameraControl.so]     Solution:
Info    2026-01-22 15:31:54  DevID:MV-CA020-10UC(G42213714)  Source-Line:libMvCameraControl.so(CInterfaceManager.cpp-L0812)     Description:CamCtl_Version: 3.2.1.0     Solution:
Info    2026-01-22 15:31:54  DevID:MV-CA020-10UC(G42213714)  Source-Line:libMvCameraControl.so(CInterfaceManager.cpp-L0813)     Description:CamCtl_Description: BaseLine Build 20211203     Solution:
Info    2026-01-22 15:31:54  DevID:MV-CA020-10UC(G42213714)  Source-Line:libMvCameraControl.so(CInterfaceManager.cpp-L0815)     Description:[MV_CC_CreateHandle] return[0x0]     Solution:
Info    2026-01-22 15:31:54  DevID:MV-CA020-10UC(G42213714)  Source-Line:libMvCameraControl.so(CInterfaceManager.cpp-L6710)     Description:CamCtrl[0x3020100], U3V SDKVersion[0x3020100], DriverVersion[0x0]     Solution:
Info    2026-01-22 15:31:55  DevID:MV-CA020-10UC(G42213714)  Source-Line:libMvCameraControl.so(CInterfaceManager.cpp-L4236)     Description:[MV_CC_InvalidateNodes] return[0x0]     Solution:
Info    2026-01-22 15:31:55  DevID:MV-CA020-10UC(G42213714)  Source-Line:libMvCameraControl.so(CInterfaceManager.cpp-L1086)     Description:[MV_CC_OpenDevice] nPrivilegeMode[1], nSwitchoverKey[0], return[0x0]     Solution:
Info    2026-01-22 15:31:55  DevID:MV-CA020-10UC(G42213714)  Source-Line:libMvCameraControl.so(CInterfaceManager.cpp-L3684)     Description:[MV_CC_GetImageInfo] return[0x0]     Solution:
Info    2026-01-22 15:31:55  DevID:MV-CA020-10UC(G42213714)  Source-Line:libMvCameraControl.so(CInterfaceManager.cpp-L1703)     Description:U3V, DeviceModelName[MV-CA020-10UC], DeviceFirmwareVersion[V2.0.4 200721,20011300], DeviceMaxThroughput[375000]     Solution:
Info    2026-01-22 15:31:55  DevID:MV-CA020-10UC(G42213714)  Source-Line:libMvCameraControl.so(CInterfaceManager.cpp-L1708)     Description:U3V, Width[720], Height[640], OffsetX[448], OffsetY[296], PixelFormat[0x2180014], AcquisitionMode[2]     Solution:
Info    2026-01-22 15:31:55  DevID:MV-CA020-10UC(G42213714)  Source-Line:libMvCameraControl.so(CInterfaceManager.cpp-L1713)     Description:U3V, TriggerMode[0], ResultingFrameRate[90.00], ExposureTime[4350.00], ExposureAuto[0], PayloadSize[1382400]     Solution:
Info    2026-01-22 15:31:55  DevID:MV-CA020-10UC(G42213714)  Source-Line:libMvCameraControl.so(CInterfaceManager.cpp-L6315)     Description:CamCtrl RecvThread Start, ThreadId[-712993024]     Solution:
Info    2026-01-22 15:31:55  DevID:MV-CA020-10UC(G42213714)  Source-Line:libMvCameraControl.so(CInterfaceManager.cpp-L6083)     Description:CamCtrl Display Thread Start, ThreadId[-721385728]     Solution:
Info    2026-01-22 15:31:55  DevID:MV-CA020-10UC(G42213714)  Source-Line:libMvCameraControl.so(CInterfaceManager.cpp-L1795)     Description:There is no registration callback     Solution:
Info    2026-01-22 15:31:55  DevID:MV-CA020-10UC(G42213714)  Source-Line:libMvCameraControl.so(CInterfaceManager.cpp-L1800)     Description:[MV_CC_StartGrabbing] return[0x0]     Solution:
Error   2026-01-22 15:31:55  DevID:MV-CA020-10UC(G42213714)  Source-Line:libMvCameraControl.so(CInterfaceManager.cpp-L7947)     Description:[MV_CC_ConvertPixelType] return[0x80000002]     Solution:
Info    2026-01-22 15:32:00  DevID:MV-CA020-10UC(G42213714)  Source-Line:libMvCameraControl.so(CInterfaceManager.cpp-L0809)     Description:Current dynamic library path[/home/rm/shaobing/install/hik_camera/lib/libMvCameraControl.so]     Solution:
Info    2026-01-22 15:32:00  DevID:MV-CA020-10UC(G42213714)  Source-Line:libMvCameraControl.so(CInterfaceManager.cpp-L0812)     Description:CamCtl_Version: 3.2.1.0     Solution:
Info    2026-01-22 15:32:00  DevID:MV-CA020-10UC(G42213714)  Source-Line:libMvCameraControl.so(CInterfaceManager.cpp-L0813)     Description:CamCtl_Description: BaseLine Build 20211203     Solution:
Info    2026-01-22 15:32:00  DevID:MV-CA020-10UC(G42213714)  Source-Line:libMvCameraControl.so(CInterfaceManager.cpp-L0815)     Description:[MV_CC_CreateHandle] return[0x0]     Solution:
Info    2026-01-22 15:32:00  DevID:MV-CA020-10UC(G42213714)  Source-Line:libMvCameraControl.so(CInterfaceManager.cpp-L6710)     Description:CamCtrl[0x3020100], U3V SDKVersion[0x3020100], DriverVersion[0x0]     Solution:
